<?xml version="1.0" encoding="UTF-8"?>
<!-- Generated by org.testng.reporters.JUnitReportReporter -->
<testsuite hostname="MayankVerma" failures="0" tests="3" name="Test.TestClass" time="17.802" errors="0" timestamp="2024-01-23T16:57:48 IST" skipped="0">
  <testcase classname="Test.TestClass" name="Test3" time="4.578"/>
  <system-out/>
  <testcase classname="Test.TestClass" name="Test2" time="3.660"/>
  <system-out/>
  <testcase classname="Test.TestClass" name="Test1" time="9.564"/>
  <system-out/>
</testsuite> <!-- Test.TestClass -->
