<?xml version="1.0" encoding="UTF-8"?>
<!-- Generated by org.testng.reporters.JUnitReportReporter -->
<testsuite hostname="MayankVerma" failures="0" tests="3" name="Test.TestClass" time="17.840" errors="0" timestamp="2024-01-24T16:44:49 IST" skipped="0">
  <testcase classname="Test.TestClass" name="Test1" time="8.286"/>
  <system-out/>
  <testcase classname="Test.TestClass" name="Test2" time="4.912"/>
  <system-out/>
  <testcase classname="Test.TestClass" name="Test3" time="4.642"/>
  <system-out/>
</testsuite> <!-- Test.TestClass -->
